[2025-07-22T12:41:23.467+0000] {manager.py:470} INFO - Processing files using up to 1 processes at a time 
[2025-07-22T12:41:23.468+0000] {manager.py:471} INFO - Process each file at most once every 30 seconds
[2025-07-22T12:41:23.470+0000] {manager.py:472} INFO - Checking for new files in /opt/airflow/airflow/dags every 300 seconds
[2025-07-22T12:41:23.470+0000] {manager.py:737} INFO - Searching for files in /opt/airflow/airflow/dags
[2025-07-22T12:41:23.471+0000] {manager.py:740} INFO - There are 0 files in /opt/airflow/airflow/dags
[2025-07-22T15:46:26.444+0000] {manager.py:470} INFO - Processing files using up to 1 processes at a time 
[2025-07-22T15:46:26.449+0000] {manager.py:471} INFO - Process each file at most once every 30 seconds
[2025-07-22T15:46:26.450+0000] {manager.py:472} INFO - Checking for new files in /opt/airflow/airflow/dags every 300 seconds
[2025-07-22T15:46:26.451+0000] {manager.py:737} INFO - Searching for files in /opt/airflow/airflow/dags
[2025-07-22T15:46:26.456+0000] {manager.py:740} INFO - There are 0 files in /opt/airflow/airflow/dags
[2025-07-22T15:51:26.465+0000] {manager.py:737} INFO - Searching for files in /opt/airflow/airflow/dags
[2025-07-22T15:51:26.470+0000] {manager.py:740} INFO - There are 0 files in /opt/airflow/airflow/dags
[2025-07-22T15:56:26.542+0000] {manager.py:737} INFO - Searching for files in /opt/airflow/airflow/dags
[2025-07-22T15:56:26.549+0000] {manager.py:740} INFO - There are 0 files in /opt/airflow/airflow/dags
[2025-07-22T16:01:26.595+0000] {manager.py:737} INFO - Searching for files in /opt/airflow/airflow/dags
[2025-07-22T16:01:26.599+0000] {manager.py:740} INFO - There are 0 files in /opt/airflow/airflow/dags
[2025-07-22T16:06:26.663+0000] {manager.py:737} INFO - Searching for files in /opt/airflow/airflow/dags
[2025-07-22T16:06:26.671+0000] {manager.py:740} INFO - There are 0 files in /opt/airflow/airflow/dags
[2025-07-22T16:11:26.742+0000] {manager.py:737} INFO - Searching for files in /opt/airflow/airflow/dags
[2025-07-22T16:11:26.750+0000] {manager.py:740} INFO - There are 0 files in /opt/airflow/airflow/dags
[2025-07-22T16:16:26.820+0000] {manager.py:737} INFO - Searching for files in /opt/airflow/airflow/dags
[2025-07-22T16:16:26.827+0000] {manager.py:740} INFO - There are 0 files in /opt/airflow/airflow/dags
[2025-07-22T16:21:26.909+0000] {manager.py:737} INFO - Searching for files in /opt/airflow/airflow/dags
[2025-07-22T16:21:26.917+0000] {manager.py:740} INFO - There are 0 files in /opt/airflow/airflow/dags
[2025-07-22T16:26:26.994+0000] {manager.py:737} INFO - Searching for files in /opt/airflow/airflow/dags
[2025-07-22T16:26:26.999+0000] {manager.py:740} INFO - There are 0 files in /opt/airflow/airflow/dags
[2025-07-22T16:31:27.068+0000] {manager.py:737} INFO - Searching for files in /opt/airflow/airflow/dags
[2025-07-22T16:31:27.076+0000] {manager.py:740} INFO - There are 0 files in /opt/airflow/airflow/dags
[2025-07-22T16:36:27.151+0000] {manager.py:737} INFO - Searching for files in /opt/airflow/airflow/dags
[2025-07-22T16:36:27.156+0000] {manager.py:740} INFO - There are 0 files in /opt/airflow/airflow/dags
[2025-07-22T16:41:27.205+0000] {manager.py:737} INFO - Searching for files in /opt/airflow/airflow/dags
[2025-07-22T16:41:27.212+0000] {manager.py:740} INFO - There are 0 files in /opt/airflow/airflow/dags
[2025-07-22T16:46:27.303+0000] {manager.py:737} INFO - Searching for files in /opt/airflow/airflow/dags
[2025-07-22T16:46:27.331+0000] {manager.py:740} INFO - There are 0 files in /opt/airflow/airflow/dags
[2025-07-22T16:51:27.711+0000] {manager.py:737} INFO - Searching for files in /opt/airflow/airflow/dags
[2025-07-22T16:51:27.716+0000] {manager.py:740} INFO - There are 0 files in /opt/airflow/airflow/dags
[2025-07-22T16:56:27.780+0000] {manager.py:737} INFO - Searching for files in /opt/airflow/airflow/dags
[2025-07-22T16:56:27.789+0000] {manager.py:740} INFO - There are 0 files in /opt/airflow/airflow/dags
[2025-07-22T17:01:27.862+0000] {manager.py:737} INFO - Searching for files in /opt/airflow/airflow/dags
[2025-07-22T17:01:27.870+0000] {manager.py:740} INFO - There are 0 files in /opt/airflow/airflow/dags
[2025-07-22T17:06:27.950+0000] {manager.py:737} INFO - Searching for files in /opt/airflow/airflow/dags
[2025-07-22T17:06:27.960+0000] {manager.py:740} INFO - There are 0 files in /opt/airflow/airflow/dags
[2025-07-22T17:11:28.032+0000] {manager.py:737} INFO - Searching for files in /opt/airflow/airflow/dags
[2025-07-22T17:11:28.040+0000] {manager.py:740} INFO - There are 0 files in /opt/airflow/airflow/dags
[2025-07-22T17:16:28.073+0000] {manager.py:737} INFO - Searching for files in /opt/airflow/airflow/dags
[2025-07-22T17:16:28.081+0000] {manager.py:740} INFO - There are 0 files in /opt/airflow/airflow/dags
[2025-07-22T17:21:28.152+0000] {manager.py:737} INFO - Searching for files in /opt/airflow/airflow/dags
[2025-07-22T17:21:28.159+0000] {manager.py:740} INFO - There are 0 files in /opt/airflow/airflow/dags
[2025-07-22T17:26:28.173+0000] {manager.py:737} INFO - Searching for files in /opt/airflow/airflow/dags
[2025-07-22T17:26:28.178+0000] {manager.py:740} INFO - There are 0 files in /opt/airflow/airflow/dags
[2025-07-22T17:31:28.293+0000] {manager.py:737} INFO - Searching for files in /opt/airflow/airflow/dags
[2025-07-22T17:31:28.299+0000] {manager.py:740} INFO - There are 0 files in /opt/airflow/airflow/dags
[2025-07-22T17:36:28.368+0000] {manager.py:737} INFO - Searching for files in /opt/airflow/airflow/dags
[2025-07-22T17:36:28.375+0000] {manager.py:740} INFO - There are 0 files in /opt/airflow/airflow/dags
[2025-07-22T17:41:28.449+0000] {manager.py:737} INFO - Searching for files in /opt/airflow/airflow/dags
[2025-07-22T17:41:28.466+0000] {manager.py:740} INFO - There are 0 files in /opt/airflow/airflow/dags
[2025-07-22T17:46:28.546+0000] {manager.py:737} INFO - Searching for files in /opt/airflow/airflow/dags
[2025-07-22T17:46:28.554+0000] {manager.py:740} INFO - There are 0 files in /opt/airflow/airflow/dags
[2025-07-22T17:51:28.632+0000] {manager.py:737} INFO - Searching for files in /opt/airflow/airflow/dags
[2025-07-22T17:51:28.639+0000] {manager.py:740} INFO - There are 0 files in /opt/airflow/airflow/dags
[2025-07-22T17:56:28.716+0000] {manager.py:737} INFO - Searching for files in /opt/airflow/airflow/dags
[2025-07-22T17:56:28.724+0000] {manager.py:740} INFO - There are 0 files in /opt/airflow/airflow/dags
[2025-07-22T18:01:28.796+0000] {manager.py:737} INFO - Searching for files in /opt/airflow/airflow/dags
[2025-07-22T18:01:28.815+0000] {manager.py:740} INFO - There are 0 files in /opt/airflow/airflow/dags
[2025-07-22T18:06:28.978+0000] {manager.py:737} INFO - Searching for files in /opt/airflow/airflow/dags
[2025-07-22T18:06:28.984+0000] {manager.py:740} INFO - There are 0 files in /opt/airflow/airflow/dags
[2025-07-22T18:11:29.067+0000] {manager.py:737} INFO - Searching for files in /opt/airflow/airflow/dags
[2025-07-22T18:11:29.071+0000] {manager.py:740} INFO - There are 0 files in /opt/airflow/airflow/dags
[2025-07-22T18:16:29.133+0000] {manager.py:737} INFO - Searching for files in /opt/airflow/airflow/dags
[2025-07-22T18:16:29.140+0000] {manager.py:740} INFO - There are 0 files in /opt/airflow/airflow/dags
[2025-07-22T18:21:29.216+0000] {manager.py:737} INFO - Searching for files in /opt/airflow/airflow/dags
[2025-07-22T18:21:29.222+0000] {manager.py:740} INFO - There are 0 files in /opt/airflow/airflow/dags
[2025-07-22T18:26:29.291+0000] {manager.py:737} INFO - Searching for files in /opt/airflow/airflow/dags
[2025-07-22T18:26:29.295+0000] {manager.py:740} INFO - There are 0 files in /opt/airflow/airflow/dags
[2025-07-22T18:31:29.357+0000] {manager.py:737} INFO - Searching for files in /opt/airflow/airflow/dags
[2025-07-22T18:31:29.363+0000] {manager.py:740} INFO - There are 0 files in /opt/airflow/airflow/dags
[2025-07-22T18:36:29.440+0000] {manager.py:737} INFO - Searching for files in /opt/airflow/airflow/dags
[2025-07-22T18:36:29.444+0000] {manager.py:740} INFO - There are 0 files in /opt/airflow/airflow/dags
